<?xml version="1.0" encoding="UTF-8"?>
<!-- Generated by org.testng.reporters.JUnitXMLReporter -->
<testsuite ignored="0" hostname="QT-INNO-LT1439" failures="0" tests="5" name="Default test" time="39.412" errors="0" timestamp="2022-02-18T17:23:35 IST">
  <testcase classname="test_Pages.TestNG" name="welcomeBoard" time="1.482"/>
  <testcase classname="test_Pages.TestNG" name="selectFlight" time="2.215"/>
  <testcase classname="test_Pages.TestNG" name="passengerDetails" time="5.941"/>
  <testcase classname="test_Pages.TestNG" name="selectSeatAndMeal" time="19.725"/>
  <testcase classname="test_Pages.TestNG" name="payment" time="0.091"/>
</testsuite> <!-- Default test -->
